2025-06-23 12:18:13,927 - INFO - Ingesting begin_inventory.csv in db
2025-06-23 12:18:18,865 - INFO - Ingesting end_inventory.csv in db
2025-06-23 12:18:35,183 - INFO - Ingesting purchases.csv in db
2025-06-23 12:20:08,231 - INFO - Ingesting purchase_prices.csv in db
2025-06-23 12:20:49,257 - INFO - Ingesting sales.csv in db
2025-06-23 12:29:31,717 - INFO - Ingesting vendor_invoice.csv in db
2025-06-23 12:29:31,909 - INFO - -------------------Ingestion complete------------------
2025-06-23 12:29:31,917 - INFO - 
Total time taken 11.310349174340566 minutes
2025-06-24 23:41:07,257 - INFO - Creating the final sales table
2025-06-24 23:42:25,197 - INFO -    VendorNumber                   VendorName  Brand              Description  \
0          1128  BROWN-FORMAN CORP             1233  Jack Daniels No 7 Black   
1          4425        MARTIGNETTI COMPANIES   3405    Tito's Handmade Vodka   
2         17035  PERNOD RICARD USA             8068         Absolut 80 Proof   
3          3960  DIAGEO NORTH AMERICA INC      4261   Capt Morgan Spiced Rum   
4          3960  DIAGEO NORTH AMERICA INC      3545          Ketel One Vodka   

  Volume  ActualPrice  PurchasePrice  TotalPurchaseQuantity  \
0   1750        36.99          26.27                 145080   
1   1750        28.99          23.19                 164038   
2   1750        24.99          18.24                 187407   
3   1750        22.99          16.17                 201682   
4   1750        29.99          21.89                 138109   

   TotalPurchaseDollars  TotalSalesQuantity  TotalSalesDollars  \
0            3811251.60            142049.0         5101919.51   
1            3804041.22            160247.0         4819073.49   
2            3418303.68            187140.0         4538120.60   
3            3261197.94            200412.0         4475972.88   
4            3023206.01            135838.0         4223107.62   

   TotalSalesPrice  TotalExciseTax  Freight_cost  
0        672819.31       260999.20      68601.68  
1        561512.37       294438.66     144929.24  
2        461140.15       343854.07     123780.22  
3        420050.01       368242.80     257032.07  
4        545778.28       249587.83     257032.07  
2025-06-24 23:42:25,207 - INFO - Cleaning data
2025-06-24 23:42:25,219 - INFO -    VendorNumber                VendorName  Brand              Description  \
0          1128         BROWN-FORMAN CORP   1233  Jack Daniels No 7 Black   
1          4425     MARTIGNETTI COMPANIES   3405    Tito's Handmade Vodka   
2         17035         PERNOD RICARD USA   8068         Absolut 80 Proof   
3          3960  DIAGEO NORTH AMERICA INC   4261   Capt Morgan Spiced Rum   
4          3960  DIAGEO NORTH AMERICA INC   3545          Ketel One Vodka   

   Volume  ActualPrice  PurchasePrice  TotalPurchaseQuantity  \
0  1750.0        36.99          26.27                 145080   
1  1750.0        28.99          23.19                 164038   
2  1750.0        24.99          18.24                 187407   
3  1750.0        22.99          16.17                 201682   
4  1750.0        29.99          21.89                 138109   

   TotalPurchaseDollars  TotalSalesQuantity  TotalSalesDollars  \
0            3811251.60            142049.0         5101919.51   
1            3804041.22            160247.0         4819073.49   
2            3418303.68            187140.0         4538120.60   
3            3261197.94            200412.0         4475972.88   
4            3023206.01            135838.0         4223107.62   

   TotalSalesPrice  TotalExciseTax  Freight_cost  GrossProfit  ProfitMargin  \
0        672819.31       260999.20      68601.68   1290667.91     25.297693   
1        561512.37       294438.66     144929.24   1015032.27     21.062810   
2        461140.15       343854.07     123780.22   1119816.92     24.675786   
3        420050.01       368242.80     257032.07   1214774.94     27.139908   
4        545778.28       249587.83     257032.07   1199901.61     28.412764   

   StockTurnover  SalestoPurchaseRatio  
0       0.979108              1.338647  
1       0.976890              1.266830  
2       0.998575              1.327594  
3       0.993703              1.372493  
4       0.983556              1.396897  
2025-06-24 23:42:25,226 - INFO - ingesting db
2025-06-24 23:42:25,302 - INFO - Ingestion completed
2025-06-24 23:46:10,988 - INFO - Creating the final sales table
2025-06-24 23:46:42,736 - INFO -    VendorNumber                   VendorName  Brand              Description  \
0          1128  BROWN-FORMAN CORP             1233  Jack Daniels No 7 Black   
1          4425        MARTIGNETTI COMPANIES   3405    Tito's Handmade Vodka   
2         17035  PERNOD RICARD USA             8068         Absolut 80 Proof   
3          3960  DIAGEO NORTH AMERICA INC      4261   Capt Morgan Spiced Rum   
4          3960  DIAGEO NORTH AMERICA INC      3545          Ketel One Vodka   

  Volume  ActualPrice  PurchasePrice  TotalPurchaseQuantity  \
0   1750        36.99          26.27                 145080   
1   1750        28.99          23.19                 164038   
2   1750        24.99          18.24                 187407   
3   1750        22.99          16.17                 201682   
4   1750        29.99          21.89                 138109   

   TotalPurchaseDollars  TotalSalesQuantity  TotalSalesDollars  \
0            3811251.60            142049.0         5101919.51   
1            3804041.22            160247.0         4819073.49   
2            3418303.68            187140.0         4538120.60   
3            3261197.94            200412.0         4475972.88   
4            3023206.01            135838.0         4223107.62   

   TotalSalesPrice  TotalExciseTax  Freight_cost  
0        672819.31       260999.20      68601.68  
1        561512.37       294438.66     144929.24  
2        461140.15       343854.07     123780.22  
3        420050.01       368242.80     257032.07  
4        545778.28       249587.83     257032.07  
2025-06-24 23:46:42,745 - INFO - Cleaning data
2025-06-24 23:46:42,747 - INFO -    VendorNumber                VendorName  Brand              Description  \
0          1128         BROWN-FORMAN CORP   1233  Jack Daniels No 7 Black   
1          4425     MARTIGNETTI COMPANIES   3405    Tito's Handmade Vodka   
2         17035         PERNOD RICARD USA   8068         Absolut 80 Proof   
3          3960  DIAGEO NORTH AMERICA INC   4261   Capt Morgan Spiced Rum   
4          3960  DIAGEO NORTH AMERICA INC   3545          Ketel One Vodka   

   Volume  ActualPrice  PurchasePrice  TotalPurchaseQuantity  \
0  1750.0        36.99          26.27                 145080   
1  1750.0        28.99          23.19                 164038   
2  1750.0        24.99          18.24                 187407   
3  1750.0        22.99          16.17                 201682   
4  1750.0        29.99          21.89                 138109   

   TotalPurchaseDollars  TotalSalesQuantity  TotalSalesDollars  \
0            3811251.60            142049.0         5101919.51   
1            3804041.22            160247.0         4819073.49   
2            3418303.68            187140.0         4538120.60   
3            3261197.94            200412.0         4475972.88   
4            3023206.01            135838.0         4223107.62   

   TotalSalesPrice  TotalExciseTax  Freight_cost  GrossProfit  ProfitMargin  \
0        672819.31       260999.20      68601.68   1290667.91     25.297693   
1        561512.37       294438.66     144929.24   1015032.27     21.062810   
2        461140.15       343854.07     123780.22   1119816.92     24.675786   
3        420050.01       368242.80     257032.07   1214774.94     27.139908   
4        545778.28       249587.83     257032.07   1199901.61     28.412764   

   StockTurnover  SalestoPurchaseRatio  
0       0.979108              1.338647  
1       0.976890              1.266830  
2       0.998575              1.327594  
3       0.993703              1.372493  
4       0.983556              1.396897  
2025-06-24 23:46:42,756 - INFO - ingesting db
2025-06-24 23:46:42,816 - INFO - Ingestion completed
2025-06-25 00:01:46,056 - INFO - Creating the final sales table
2025-06-25 00:02:16,337 - INFO -    VendorNumber                   VendorName  Brand              Description  \
0          1128  BROWN-FORMAN CORP             1233  Jack Daniels No 7 Black   
1          4425        MARTIGNETTI COMPANIES   3405    Tito's Handmade Vodka   
2         17035  PERNOD RICARD USA             8068         Absolut 80 Proof   
3          3960  DIAGEO NORTH AMERICA INC      4261   Capt Morgan Spiced Rum   
4          3960  DIAGEO NORTH AMERICA INC      3545          Ketel One Vodka   

  Volume  ActualPrice  PurchasePrice  TotalPurchaseQuantity  \
0   1750        36.99          26.27                 145080   
1   1750        28.99          23.19                 164038   
2   1750        24.99          18.24                 187407   
3   1750        22.99          16.17                 201682   
4   1750        29.99          21.89                 138109   

   TotalPurchaseDollars  TotalSalesQuantity  TotalSalesDollars  \
0            3811251.60            142049.0         5101919.51   
1            3804041.22            160247.0         4819073.49   
2            3418303.68            187140.0         4538120.60   
3            3261197.94            200412.0         4475972.88   
4            3023206.01            135838.0         4223107.62   

   TotalSalesPrice  TotalExciseTax  Freight_cost  
0        672819.31       260999.20      68601.68  
1        561512.37       294438.66     144929.24  
2        461140.15       343854.07     123780.22  
3        420050.01       368242.80     257032.07  
4        545778.28       249587.83     257032.07  
2025-06-25 00:02:16,346 - INFO - Cleaning data
2025-06-25 00:02:16,353 - INFO -    VendorNumber                VendorName  Brand              Description  \
0          1128         BROWN-FORMAN CORP   1233  Jack Daniels No 7 Black   
1          4425     MARTIGNETTI COMPANIES   3405    Tito's Handmade Vodka   
2         17035         PERNOD RICARD USA   8068         Absolut 80 Proof   
3          3960  DIAGEO NORTH AMERICA INC   4261   Capt Morgan Spiced Rum   
4          3960  DIAGEO NORTH AMERICA INC   3545          Ketel One Vodka   

   Volume  ActualPrice  PurchasePrice  TotalPurchaseQuantity  \
0  1750.0        36.99          26.27                 145080   
1  1750.0        28.99          23.19                 164038   
2  1750.0        24.99          18.24                 187407   
3  1750.0        22.99          16.17                 201682   
4  1750.0        29.99          21.89                 138109   

   TotalPurchaseDollars  TotalSalesQuantity  TotalSalesDollars  \
0            3811251.60            142049.0         5101919.51   
1            3804041.22            160247.0         4819073.49   
2            3418303.68            187140.0         4538120.60   
3            3261197.94            200412.0         4475972.88   
4            3023206.01            135838.0         4223107.62   

   TotalSalesPrice  TotalExciseTax  Freight_cost  GrossProfit  ProfitMargin  \
0        672819.31       260999.20      68601.68   1290667.91     25.297693   
1        561512.37       294438.66     144929.24   1015032.27     21.062810   
2        461140.15       343854.07     123780.22   1119816.92     24.675786   
3        420050.01       368242.80     257032.07   1214774.94     27.139908   
4        545778.28       249587.83     257032.07   1199901.61     28.412764   

   StockTurnover  SalestoPurchaseRatio  
0       0.979108              1.338647  
1       0.976890              1.266830  
2       0.998575              1.327594  
3       0.993703              1.372493  
4       0.983556              1.396897  
2025-06-25 00:02:16,357 - INFO - ingesting db
2025-06-25 00:02:16,416 - INFO - Ingestion completed
2025-06-25 00:05:03,708 - INFO - Creating the final sales table
2025-06-25 00:05:38,928 - INFO -    VendorNumber                   VendorName  Brand              Description  \
0          1128  BROWN-FORMAN CORP             1233  Jack Daniels No 7 Black   
1          4425        MARTIGNETTI COMPANIES   3405    Tito's Handmade Vodka   
2         17035  PERNOD RICARD USA             8068         Absolut 80 Proof   
3          3960  DIAGEO NORTH AMERICA INC      4261   Capt Morgan Spiced Rum   
4          3960  DIAGEO NORTH AMERICA INC      3545          Ketel One Vodka   

  Volume  ActualPrice  PurchasePrice  TotalPurchaseQuantity  \
0   1750        36.99          26.27                 145080   
1   1750        28.99          23.19                 164038   
2   1750        24.99          18.24                 187407   
3   1750        22.99          16.17                 201682   
4   1750        29.99          21.89                 138109   

   TotalPurchaseDollars  TotalSalesQuantity  TotalSalesDollars  \
0            3811251.60            142049.0         5101919.51   
1            3804041.22            160247.0         4819073.49   
2            3418303.68            187140.0         4538120.60   
3            3261197.94            200412.0         4475972.88   
4            3023206.01            135838.0         4223107.62   

   TotalSalesPrice  TotalExciseTax  Freight_cost  
0        672819.31       260999.20      68601.68  
1        561512.37       294438.66     144929.24  
2        461140.15       343854.07     123780.22  
3        420050.01       368242.80     257032.07  
4        545778.28       249587.83     257032.07  
2025-06-25 00:05:38,937 - INFO - Cleaning data
2025-06-25 00:05:38,937 - INFO -    VendorNumber                VendorName  Brand              Description  \
0          1128         BROWN-FORMAN CORP   1233  Jack Daniels No 7 Black   
1          4425     MARTIGNETTI COMPANIES   3405    Tito's Handmade Vodka   
2         17035         PERNOD RICARD USA   8068         Absolut 80 Proof   
3          3960  DIAGEO NORTH AMERICA INC   4261   Capt Morgan Spiced Rum   
4          3960  DIAGEO NORTH AMERICA INC   3545          Ketel One Vodka   

   Volume  ActualPrice  PurchasePrice  TotalPurchaseQuantity  \
0  1750.0        36.99          26.27                 145080   
1  1750.0        28.99          23.19                 164038   
2  1750.0        24.99          18.24                 187407   
3  1750.0        22.99          16.17                 201682   
4  1750.0        29.99          21.89                 138109   

   TotalPurchaseDollars  TotalSalesQuantity  TotalSalesDollars  \
0            3811251.60            142049.0         5101919.51   
1            3804041.22            160247.0         4819073.49   
2            3418303.68            187140.0         4538120.60   
3            3261197.94            200412.0         4475972.88   
4            3023206.01            135838.0         4223107.62   

   TotalSalesPrice  TotalExciseTax  Freight_cost  GrossProfit  ProfitMargin  \
0        672819.31       260999.20      68601.68   1290667.91     25.297693   
1        561512.37       294438.66     144929.24   1015032.27     21.062810   
2        461140.15       343854.07     123780.22   1119816.92     24.675786   
3        420050.01       368242.80     257032.07   1214774.94     27.139908   
4        545778.28       249587.83     257032.07   1199901.61     28.412764   

   StockTurnover  SalestoPurchaseRatio  
0       0.979108              1.338647  
1       0.976890              1.266830  
2       0.998575              1.327594  
3       0.993703              1.372493  
4       0.983556              1.396897  
2025-06-25 00:05:38,937 - INFO - ingesting db
2025-06-25 00:05:39,017 - INFO - Ingestion completed
2025-06-25 00:08:10,457 - INFO - Creating the final sales table
2025-06-25 00:08:43,502 - INFO -    VendorNumber                   VendorName  Brand              Description  \
0          1128  BROWN-FORMAN CORP             1233  Jack Daniels No 7 Black   
1          4425        MARTIGNETTI COMPANIES   3405    Tito's Handmade Vodka   
2         17035  PERNOD RICARD USA             8068         Absolut 80 Proof   
3          3960  DIAGEO NORTH AMERICA INC      4261   Capt Morgan Spiced Rum   
4          3960  DIAGEO NORTH AMERICA INC      3545          Ketel One Vodka   

  Volume  ActualPrice  PurchasePrice  TotalPurchaseQuantity  \
0   1750        36.99          26.27                 145080   
1   1750        28.99          23.19                 164038   
2   1750        24.99          18.24                 187407   
3   1750        22.99          16.17                 201682   
4   1750        29.99          21.89                 138109   

   TotalPurchaseDollars  TotalSalesQuantity  TotalSalesDollars  \
0            3811251.60            142049.0         5101919.51   
1            3804041.22            160247.0         4819073.49   
2            3418303.68            187140.0         4538120.60   
3            3261197.94            200412.0         4475972.88   
4            3023206.01            135838.0         4223107.62   

   TotalSalesPrice  TotalExciseTax  Freight_cost  
0        672819.31       260999.20      68601.68  
1        561512.37       294438.66     144929.24  
2        461140.15       343854.07     123780.22  
3        420050.01       368242.80     257032.07  
4        545778.28       249587.83     257032.07  
2025-06-25 00:08:43,506 - INFO - Cleaning data
2025-06-25 00:08:43,511 - INFO -    VendorNumber                VendorName  Brand              Description  \
0          1128         BROWN-FORMAN CORP   1233  Jack Daniels No 7 Black   
1          4425     MARTIGNETTI COMPANIES   3405    Tito's Handmade Vodka   
2         17035         PERNOD RICARD USA   8068         Absolut 80 Proof   
3          3960  DIAGEO NORTH AMERICA INC   4261   Capt Morgan Spiced Rum   
4          3960  DIAGEO NORTH AMERICA INC   3545          Ketel One Vodka   

   Volume  ActualPrice  PurchasePrice  TotalPurchaseQuantity  \
0  1750.0        36.99          26.27                 145080   
1  1750.0        28.99          23.19                 164038   
2  1750.0        24.99          18.24                 187407   
3  1750.0        22.99          16.17                 201682   
4  1750.0        29.99          21.89                 138109   

   TotalPurchaseDollars  TotalSalesQuantity  TotalSalesDollars  \
0            3811251.60            142049.0         5101919.51   
1            3804041.22            160247.0         4819073.49   
2            3418303.68            187140.0         4538120.60   
3            3261197.94            200412.0         4475972.88   
4            3023206.01            135838.0         4223107.62   

   TotalSalesPrice  TotalExciseTax  Freight_cost  GrossProfit  ProfitMargin  \
0        672819.31       260999.20      68601.68   1290667.91     25.297693   
1        561512.37       294438.66     144929.24   1015032.27     21.062810   
2        461140.15       343854.07     123780.22   1119816.92     24.675786   
3        420050.01       368242.80     257032.07   1214774.94     27.139908   
4        545778.28       249587.83     257032.07   1199901.61     28.412764   

   StockTurnover  SalestoPurchaseRatio  
0       0.979108              1.338647  
1       0.976890              1.266830  
2       0.998575              1.327594  
3       0.993703              1.372493  
4       0.983556              1.396897  
2025-06-25 00:08:43,520 - INFO - ingesting db
2025-06-25 00:08:43,584 - INFO - Ingestion completed
2025-06-25 00:12:31,229 - INFO - Creating the final sales table
2025-06-25 00:13:07,988 - INFO -    VendorNumber                   VendorName  Brand              Description Volume  ActualPrice  PurchasePrice  TotalPurchaseQuantity  TotalPurchaseDollars  TotalSalesQuantity  TotalSalesDollars  TotalSalesPrice  TotalExciseTax  Freight_cost
0          1128  BROWN-FORMAN CORP             1233  Jack Daniels No 7 Black   1750        36.99          26.27                 145080            3811251.60            142049.0         5101919.51        672819.31       260999.20      68601.68
1          4425        MARTIGNETTI COMPANIES   3405    Tito's Handmade Vodka   1750        28.99          23.19                 164038            3804041.22            160247.0         4819073.49        561512.37       294438.66     144929.24
2         17035  PERNOD RICARD USA             8068         Absolut 80 Proof   1750        24.99          18.24                 187407            3418303.68            187140.0         4538120.60        461140.15       343854.07     123780.22
3          3960  DIAGEO NORTH AMERICA INC      4261   Capt Morgan Spiced Rum   1750        22.99          16.17                 201682            3261197.94            200412.0         4475972.88        420050.01       368242.80     257032.07
4          3960  DIAGEO NORTH AMERICA INC      3545          Ketel One Vodka   1750        29.99          21.89                 138109            3023206.01            135838.0         4223107.62        545778.28       249587.83     257032.07
2025-06-25 00:13:07,989 - INFO - Cleaning data
2025-06-25 00:13:08,007 - INFO -    VendorNumber                VendorName  Brand              Description  Volume  ActualPrice  PurchasePrice  TotalPurchaseQuantity  TotalPurchaseDollars  TotalSalesQuantity  TotalSalesDollars  TotalSalesPrice  TotalExciseTax  Freight_cost  GrossProfit  ProfitMargin  StockTurnover  SalestoPurchaseRatio
0          1128         BROWN-FORMAN CORP   1233  Jack Daniels No 7 Black  1750.0        36.99          26.27                 145080            3811251.60            142049.0         5101919.51        672819.31       260999.20      68601.68   1290667.91     25.297693       0.979108              1.338647
1          4425     MARTIGNETTI COMPANIES   3405    Tito's Handmade Vodka  1750.0        28.99          23.19                 164038            3804041.22            160247.0         4819073.49        561512.37       294438.66     144929.24   1015032.27     21.062810       0.976890              1.266830
2         17035         PERNOD RICARD USA   8068         Absolut 80 Proof  1750.0        24.99          18.24                 187407            3418303.68            187140.0         4538120.60        461140.15       343854.07     123780.22   1119816.92     24.675786       0.998575              1.327594
3          3960  DIAGEO NORTH AMERICA INC   4261   Capt Morgan Spiced Rum  1750.0        22.99          16.17                 201682            3261197.94            200412.0         4475972.88        420050.01       368242.80     257032.07   1214774.94     27.139908       0.993703              1.372493
4          3960  DIAGEO NORTH AMERICA INC   3545          Ketel One Vodka  1750.0        29.99          21.89                 138109            3023206.01            135838.0         4223107.62        545778.28       249587.83     257032.07   1199901.61     28.412764       0.983556              1.396897
2025-06-25 00:13:08,007 - INFO - Ingesting into DB
2025-06-25 00:13:08,082 - INFO - Ingestion completed
